<?xml version="1.0" encoding="UTF-8"?>
<!-- Generated by org.testng.reporters.JUnitReportReporter -->
<testsuite skipped="0" hostname="DESKTOP-E7C44F9" name="com.stadiumgood.StepDef.App" tests="4" failures="0" timestamp="14 Nov 2019 04:34:24 GMT" time="11.227" errors="0">
  <testcase name="user_logins_into_the_application_with_propert_credentials" time="0.966" classname="com.stadiumgood.StepDef.App"/>
  <testcase name="user_Counts_the_number_of_catagories_in_the_header" time="0.986" classname="com.stadiumgood.StepDef.App"/>
  <testcase name="user_Selects_Jordan" time="8.283" classname="com.stadiumgood.StepDef.App"/>
  <testcase name="user_Sort_By_low_to_high" time="0.992" classname="com.stadiumgood.StepDef.App"/>
</testsuite> <!-- com.stadiumgood.StepDef.App -->
