<?xml version="1.0" encoding="UTF-8"?>
<!-- Generated by org.testng.reporters.JUnitReportReporter -->
<testsuite skipped="0" hostname="DESKTOP-E7C44F9" name="com.stadiumgood.StepDef.LoginValidation" tests="2" failures="0" timestamp="17 Nov 2019 16:11:56 GMT" time="0.782" errors="0">
  <testcase name="Excel_Data_Pull" time="0.688" classname="com.stadiumgood.StepDef.LoginValidation"/>
  <testcase name="Pokemon_API_data_Pull_and_Validate_API" time="0.094" classname="com.stadiumgood.StepDef.LoginValidation"/>
</testsuite> <!-- com.stadiumgood.StepDef.LoginValidation -->
