<?xml version="1.0" encoding="UTF-8"?>
<!-- Generated by org.testng.reporters.JUnitReportReporter -->
<testsuite skipped="0" hostname="DESKTOP-RN1QCP5" name="com.stadiumgood.StepDef.CountCatagoriesAndSelectACatagory" tests="1" failures="0" timestamp="21 Nov 2019 02:20:59 GMT" time="27.387" errors="0">
  <testcase name="feature" time="27.387" classname="com.stadiumgood.StepDef.CountCatagoriesAndSelectACatagory"/>
</testsuite> <!-- com.stadiumgood.StepDef.CountCatagoriesAndSelectACatagory -->
