<?xml version="1.0" encoding="UTF-8"?>
<!-- Generated by org.testng.reporters.JUnitReportReporter -->
<testsuite skipped="0" hostname="DESKTOP-E7C44F9" name="com.stadiumgood.App" tests="1" failures="0" timestamp="14 Nov 2019 01:08:31 GMT" time="30.224" errors="0">
  <testcase name="test" time="30.224" classname="com.stadiumgood.App"/>
</testsuite> <!-- com.stadiumgood.App -->
